<?xml version="1.0" encoding="UTF-8"?>
<testsuite xmlns:xsi="http://www.w3.org/2001/XMLSchema-instance" xsi:noNamespaceSchemaLocation="https://maven.apache.org/surefire/maven-surefire-plugin/xsd/surefire-test-report-3.0.xsd" version="3.0" name="com.emis.intermediario.IntermediarioApplicationTests" time="9.26" tests="1" errors="0" skipped="0" failures="0">
  <properties>
    <property name="java.specification.version" value="17"/>
    <property name="sun.jnu.encoding" value="UTF-8"/>
    <property name="java.class.path" value="/home/jussyleitecode/Documents/SDP2 Exame/Transacoes-Interbancarias/intermediario/target/test-classes:/home/jussyleitecode/Documents/SDP2 Exame/Transacoes-Interbancarias/intermediario/target/classes:/home/jussyleitecode/.m2/repository/org/springframework/boot/spring-boot-starter-data-jpa/3.1.6/spring-boot-starter-data-jpa-3.1.6.jar:/home/jussyleitecode/.m2/repository/org/springframework/boot/spring-boot-starter-aop/3.1.6/spring-boot-starter-aop-3.1.6.jar:/home/jussyleitecode/.m2/repository/org/springframework/spring-aop/6.0.14/spring-aop-6.0.14.jar:/home/jussyleitecode/.m2/repository/org/aspectj/aspectjweaver/1.9.20.1/aspectjweaver-1.9.20.1.jar:/home/jussyleitecode/.m2/repository/org/springframework/boot/spring-boot-starter-jdbc/3.1.6/spring-boot-starter-jdbc-3.1.6.jar:/home/jussyleitecode/.m2/repository/com/zaxxer/HikariCP/5.0.1/HikariCP-5.0.1.jar:/home/jussyleitecode/.m2/repository/org/springframework/spring-jdbc/6.0.14/spring-jdbc-6.0.14.jar:/home/jussyleitecode/.m2/repository/org/hibernate/orm/hibernate-core/6.2.13.Final/hibernate-core-6.2.13.Final.jar:/home/jussyleitecode/.m2/repository/jakarta/persistence/jakarta.persistence-api/3.1.0/jakarta.persistence-api-3.1.0.jar:/home/jussyleitecode/.m2/repository/jakarta/transaction/jakarta.transaction-api/2.0.1/jakarta.transaction-api-2.0.1.jar:/home/jussyleitecode/.m2/repository/org/jboss/logging/jboss-logging/3.5.3.Final/jboss-logging-3.5.3.Final.jar:/home/jussyleitecode/.m2/repository/org/hibernate/common/hibernate-commons-annotations/6.0.6.Final/hibernate-commons-annotations-6.0.6.Final.jar:/home/jussyleitecode/.m2/repository/io/smallrye/jandex/3.0.5/jandex-3.0.5.jar:/home/jussyleitecode/.m2/repository/com/fasterxml/classmate/1.5.1/classmate-1.5.1.jar:/home/jussyleitecode/.m2/repository/net/bytebuddy/byte-buddy/1.14.10/byte-buddy-1.14.10.jar:/home/jussyleitecode/.m2/repository/org/glassfish/jaxb/jaxb-runtime/4.0.4/jaxb-runtime-4.0.4.jar:/home/jussyleitecode/.m2/repository/org/glassfish/jaxb/jaxb-core/4.0.4/jaxb-core-4.0.4.jar:/home/jussyleitecode/.m2/repository/org/eclipse/angus/angus-activation/2.0.1/angus-activation-2.0.1.jar:/home/jussyleitecode/.m2/repository/org/glassfish/jaxb/txw2/4.0.4/txw2-4.0.4.jar:/home/jussyleitecode/.m2/repository/com/sun/istack/istack-commons-runtime/4.1.2/istack-commons-runtime-4.1.2.jar:/home/jussyleitecode/.m2/repository/jakarta/inject/jakarta.inject-api/2.0.1/jakarta.inject-api-2.0.1.jar:/home/jussyleitecode/.m2/repository/org/antlr/antlr4-runtime/4.10.1/antlr4-runtime-4.10.1.jar:/home/jussyleitecode/.m2/repository/org/springframework/data/spring-data-jpa/3.1.6/spring-data-jpa-3.1.6.jar:/home/jussyleitecode/.m2/repository/org/springframework/data/spring-data-commons/3.1.6/spring-data-commons-3.1.6.jar:/home/jussyleitecode/.m2/repository/org/springframework/spring-orm/6.0.14/spring-orm-6.0.14.jar:/home/jussyleitecode/.m2/repository/org/springframework/spring-beans/6.0.14/spring-beans-6.0.14.jar:/home/jussyleitecode/.m2/repository/jakarta/annotation/jakarta.annotation-api/2.1.1/jakarta.annotation-api-2.1.1.jar:/home/jussyleitecode/.m2/repository/org/slf4j/slf4j-api/2.0.9/slf4j-api-2.0.9.jar:/home/jussyleitecode/.m2/repository/org/springframework/spring-aspects/6.0.14/spring-aspects-6.0.14.jar:/home/jussyleitecode/.m2/repository/org/springframework/boot/spring-boot-starter-web/3.1.6/spring-boot-starter-web-3.1.6.jar:/home/jussyleitecode/.m2/repository/org/springframework/boot/spring-boot-starter/3.1.6/spring-boot-starter-3.1.6.jar:/home/jussyleitecode/.m2/repository/org/springframework/boot/spring-boot-starter-logging/3.1.6/spring-boot-starter-logging-3.1.6.jar:/home/jussyleitecode/.m2/repository/ch/qos/logback/logback-classic/1.4.11/logback-classic-1.4.11.jar:/home/jussyleitecode/.m2/repository/ch/qos/logback/logback-core/1.4.11/logback-core-1.4.11.jar:/home/jussyleitecode/.m2/repository/org/apache/logging/log4j/log4j-to-slf4j/2.20.0/log4j-to-slf4j-2.20.0.jar:/home/jussyleitecode/.m2/repository/org/apache/logging/log4j/log4j-api/2.20.0/log4j-api-2.20.0.jar:/home/jussyleitecode/.m2/repository/org/slf4j/jul-to-slf4j/2.0.9/jul-to-slf4j-2.0.9.jar:/home/jussyleitecode/.m2/repository/org/yaml/snakeyaml/1.33/snakeyaml-1.33.jar:/home/jussyleitecode/.m2/repository/org/springframework/boot/spring-boot-starter-json/3.1.6/spring-boot-starter-json-3.1.6.jar:/home/jussyleitecode/.m2/repository/com/fasterxml/jackson/core/jackson-databind/2.15.3/jackson-databind-2.15.3.jar:/home/jussyleitecode/.m2/repository/com/fasterxml/jackson/core/jackson-annotations/2.15.3/jackson-annotations-2.15.3.jar:/home/jussyleitecode/.m2/repository/com/fasterxml/jackson/core/jackson-core/2.15.3/jackson-core-2.15.3.jar:/home/jussyleitecode/.m2/repository/com/fasterxml/jackson/datatype/jackson-datatype-jdk8/2.15.3/jackson-datatype-jdk8-2.15.3.jar:/home/jussyleitecode/.m2/repository/com/fasterxml/jackson/datatype/jackson-datatype-jsr310/2.15.3/jackson-datatype-jsr310-2.15.3.jar:/home/jussyleitecode/.m2/repository/com/fasterxml/jackson/module/jackson-module-parameter-names/2.15.3/jackson-module-parameter-names-2.15.3.jar:/home/jussyleitecode/.m2/repository/org/springframework/boot/spring-boot-starter-tomcat/3.1.6/spring-boot-starter-tomcat-3.1.6.jar:/home/jussyleitecode/.m2/repository/org/apache/tomcat/embed/tomcat-embed-core/10.1.16/tomcat-embed-core-10.1.16.jar:/home/jussyleitecode/.m2/repository/org/apache/tomcat/embed/tomcat-embed-el/10.1.16/tomcat-embed-el-10.1.16.jar:/home/jussyleitecode/.m2/repository/org/apache/tomcat/embed/tomcat-embed-websocket/10.1.16/tomcat-embed-websocket-10.1.16.jar:/home/jussyleitecode/.m2/repository/org/springframework/spring-web/6.0.14/spring-web-6.0.14.jar:/home/jussyleitecode/.m2/repository/org/springframework/spring-webmvc/6.0.14/spring-webmvc-6.0.14.jar:/home/jussyleitecode/.m2/repository/org/springframework/spring-expression/6.0.14/spring-expression-6.0.14.jar:/home/jussyleitecode/.m2/repository/org/springframework/kafka/spring-kafka/3.0.13/spring-kafka-3.0.13.jar:/home/jussyleitecode/.m2/repository/org/springframework/spring-context/6.0.14/spring-context-6.0.14.jar:/home/jussyleitecode/.m2/repository/org/springframework/spring-messaging/6.0.14/spring-messaging-6.0.14.jar:/home/jussyleitecode/.m2/repository/org/springframework/spring-tx/6.0.14/spring-tx-6.0.14.jar:/home/jussyleitecode/.m2/repository/org/springframework/retry/spring-retry/2.0.4/spring-retry-2.0.4.jar:/home/jussyleitecode/.m2/repository/org/apache/kafka/kafka-clients/3.4.1/kafka-clients-3.4.1.jar:/home/jussyleitecode/.m2/repository/com/github/luben/zstd-jni/1.5.2-1/zstd-jni-1.5.2-1.jar:/home/jussyleitecode/.m2/repository/org/lz4/lz4-java/1.8.0/lz4-java-1.8.0.jar:/home/jussyleitecode/.m2/repository/org/xerial/snappy/snappy-java/1.1.8.4/snappy-java-1.1.8.4.jar:/home/jussyleitecode/.m2/repository/io/micrometer/micrometer-observation/1.11.6/micrometer-observation-1.11.6.jar:/home/jussyleitecode/.m2/repository/io/micrometer/micrometer-commons/1.11.6/micrometer-commons-1.11.6.jar:/home/jussyleitecode/.m2/repository/com/google/code/findbugs/jsr305/3.0.2/jsr305-3.0.2.jar:/home/jussyleitecode/.m2/repository/org/springframework/boot/spring-boot-devtools/3.1.6/spring-boot-devtools-3.1.6.jar:/home/jussyleitecode/.m2/repository/org/springframework/boot/spring-boot/3.1.6/spring-boot-3.1.6.jar:/home/jussyleitecode/.m2/repository/org/springframework/boot/spring-boot-autoconfigure/3.1.6/spring-boot-autoconfigure-3.1.6.jar:/home/jussyleitecode/.m2/repository/org/postgresql/postgresql/42.6.0/postgresql-42.6.0.jar:/home/jussyleitecode/.m2/repository/org/checkerframework/checker-qual/3.31.0/checker-qual-3.31.0.jar:/home/jussyleitecode/.m2/repository/org/projectlombok/lombok/1.18.30/lombok-1.18.30.jar:/home/jussyleitecode/.m2/repository/org/springframework/boot/spring-boot-starter-test/3.1.6/spring-boot-starter-test-3.1.6.jar:/home/jussyleitecode/.m2/repository/org/springframework/boot/spring-boot-test/3.1.6/spring-boot-test-3.1.6.jar:/home/jussyleitecode/.m2/repository/org/springframework/boot/spring-boot-test-autoconfigure/3.1.6/spring-boot-test-autoconfigure-3.1.6.jar:/home/jussyleitecode/.m2/repository/com/jayway/jsonpath/json-path/2.8.0/json-path-2.8.0.jar:/home/jussyleitecode/.m2/repository/jakarta/xml/bind/jakarta.xml.bind-api/4.0.1/jakarta.xml.bind-api-4.0.1.jar:/home/jussyleitecode/.m2/repository/jakarta/activation/jakarta.activation-api/2.1.2/jakarta.activation-api-2.1.2.jar:/home/jussyleitecode/.m2/repository/net/minidev/json-smart/2.4.11/json-smart-2.4.11.jar:/home/jussyleitecode/.m2/repository/net/minidev/accessors-smart/2.4.11/accessors-smart-2.4.11.jar:/home/jussyleitecode/.m2/repository/org/ow2/asm/asm/9.3/asm-9.3.jar:/home/jussyleitecode/.m2/repository/org/assertj/assertj-core/3.24.2/assertj-core-3.24.2.jar:/home/jussyleitecode/.m2/repository/org/hamcrest/hamcrest/2.2/hamcrest-2.2.jar:/home/jussyleitecode/.m2/repository/org/junit/jupiter/junit-jupiter/5.9.3/junit-jupiter-5.9.3.jar:/home/jussyleitecode/.m2/repository/org/junit/jupiter/junit-jupiter-params/5.9.3/junit-jupiter-params-5.9.3.jar:/home/jussyleitecode/.m2/repository/org/junit/jupiter/junit-jupiter-engine/5.9.3/junit-jupiter-engine-5.9.3.jar:/home/jussyleitecode/.m2/repository/org/mockito/mockito-core/5.3.1/mockito-core-5.3.1.jar:/home/jussyleitecode/.m2/repository/net/bytebuddy/byte-buddy-agent/1.14.10/byte-buddy-agent-1.14.10.jar:/home/jussyleitecode/.m2/repository/org/objenesis/objenesis/3.3/objenesis-3.3.jar:/home/jussyleitecode/.m2/repository/org/mockito/mockito-junit-jupiter/5.3.1/mockito-junit-jupiter-5.3.1.jar:/home/jussyleitecode/.m2/repository/org/skyscreamer/jsonassert/1.5.1/jsonassert-1.5.1.jar:/home/jussyleitecode/.m2/repository/com/vaadin/external/google/android-json/0.0.20131108.vaadin1/android-json-0.0.20131108.vaadin1.jar:/home/jussyleitecode/.m2/repository/org/springframework/spring-core/6.0.14/spring-core-6.0.14.jar:/home/jussyleitecode/.m2/repository/org/springframework/spring-jcl/6.0.14/spring-jcl-6.0.14.jar:/home/jussyleitecode/.m2/repository/org/springframework/spring-test/6.0.14/spring-test-6.0.14.jar:/home/jussyleitecode/.m2/repository/org/xmlunit/xmlunit-core/2.9.1/xmlunit-core-2.9.1.jar:/home/jussyleitecode/.m2/repository/org/springframework/kafka/spring-kafka-test/3.0.13/spring-kafka-test-3.0.13.jar:/home/jussyleitecode/.m2/repository/org/apache/zookeeper/zookeeper/3.6.3/zookeeper-3.6.3.jar:/home/jussyleitecode/.m2/repository/org/apache/zookeeper/zookeeper-jute/3.6.3/zookeeper-jute-3.6.3.jar:/home/jussyleitecode/.m2/repository/org/apache/yetus/audience-annotations/0.5.0/audience-annotations-0.5.0.jar:/home/jussyleitecode/.m2/repository/io/netty/netty-handler/4.1.101.Final/netty-handler-4.1.101.Final.jar:/home/jussyleitecode/.m2/repository/io/netty/netty-common/4.1.101.Final/netty-common-4.1.101.Final.jar:/home/jussyleitecode/.m2/repository/io/netty/netty-resolver/4.1.101.Final/netty-resolver-4.1.101.Final.jar:/home/jussyleitecode/.m2/repository/io/netty/netty-buffer/4.1.101.Final/netty-buffer-4.1.101.Final.jar:/home/jussyleitecode/.m2/repository/io/netty/netty-transport/4.1.101.Final/netty-transport-4.1.101.Final.jar:/home/jussyleitecode/.m2/repository/io/netty/netty-transport-native-unix-common/4.1.101.Final/netty-transport-native-unix-common-4.1.101.Final.jar:/home/jussyleitecode/.m2/repository/io/netty/netty-codec/4.1.101.Final/netty-codec-4.1.101.Final.jar:/home/jussyleitecode/.m2/repository/io/netty/netty-transport-native-epoll/4.1.101.Final/netty-transport-native-epoll-4.1.101.Final.jar:/home/jussyleitecode/.m2/repository/io/netty/netty-transport-classes-epoll/4.1.101.Final/netty-transport-classes-epoll-4.1.101.Final.jar:/home/jussyleitecode/.m2/repository/org/apache/kafka/kafka-clients/3.4.1/kafka-clients-3.4.1-test.jar:/home/jussyleitecode/.m2/repository/org/apache/kafka/kafka-metadata/3.4.1/kafka-metadata-3.4.1.jar:/home/jussyleitecode/.m2/repository/org/apache/kafka/kafka-raft/3.4.1/kafka-raft-3.4.1.jar:/home/jussyleitecode/.m2/repository/com/yammer/metrics/metrics-core/2.2.0/metrics-core-2.2.0.jar:/home/jussyleitecode/.m2/repository/org/apache/kafka/kafka-server-common/3.4.1/kafka-server-common-3.4.1.jar:/home/jussyleitecode/.m2/repository/org/apache/kafka/kafka-server-common/3.4.1/kafka-server-common-3.4.1-test.jar:/home/jussyleitecode/.m2/repository/org/apache/kafka/kafka-streams-test-utils/3.4.1/kafka-streams-test-utils-3.4.1.jar:/home/jussyleitecode/.m2/repository/org/apache/kafka/kafka-streams/3.4.1/kafka-streams-3.4.1.jar:/home/jussyleitecode/.m2/repository/org/rocksdb/rocksdbjni/7.1.2/rocksdbjni-7.1.2.jar:/home/jussyleitecode/.m2/repository/org/apache/kafka/kafka_2.13/3.4.1/kafka_2.13-3.4.1.jar:/home/jussyleitecode/.m2/repository/org/scala-lang/scala-library/2.13.10/scala-library-2.13.10.jar:/home/jussyleitecode/.m2/repository/org/apache/kafka/kafka-group-coordinator/3.4.1/kafka-group-coordinator-3.4.1.jar:/home/jussyleitecode/.m2/repository/org/apache/kafka/kafka-storage/3.4.1/kafka-storage-3.4.1.jar:/home/jussyleitecode/.m2/repository/org/apache/kafka/kafka-storage-api/3.4.1/kafka-storage-api-3.4.1.jar:/home/jussyleitecode/.m2/repository/net/sourceforge/argparse4j/argparse4j/0.7.0/argparse4j-0.7.0.jar:/home/jussyleitecode/.m2/repository/com/fasterxml/jackson/module/jackson-module-scala_2.13/2.15.3/jackson-module-scala_2.13-2.15.3.jar:/home/jussyleitecode/.m2/repository/com/thoughtworks/paranamer/paranamer/2.8/paranamer-2.8.jar:/home/jussyleitecode/.m2/repository/com/fasterxml/jackson/dataformat/jackson-dataformat-csv/2.15.3/jackson-dataformat-csv-2.15.3.jar:/home/jussyleitecode/.m2/repository/net/sf/jopt-simple/jopt-simple/5.0.4/jopt-simple-5.0.4.jar:/home/jussyleitecode/.m2/repository/org/bitbucket/b_c/jose4j/0.9.3/jose4j-0.9.3.jar:/home/jussyleitecode/.m2/repository/org/scala-lang/modules/scala-collection-compat_2.13/2.10.0/scala-collection-compat_2.13-2.10.0.jar:/home/jussyleitecode/.m2/repository/org/scala-lang/modules/scala-java8-compat_2.13/1.0.2/scala-java8-compat_2.13-1.0.2.jar:/home/jussyleitecode/.m2/repository/org/scala-lang/scala-reflect/2.13.10/scala-reflect-2.13.10.jar:/home/jussyleitecode/.m2/repository/com/typesafe/scala-logging/scala-logging_2.13/3.9.4/scala-logging_2.13-3.9.4.jar:/home/jussyleitecode/.m2/repository/io/dropwizard/metrics/metrics-core/4.2.22/metrics-core-4.2.22.jar:/home/jussyleitecode/.m2/repository/commons-cli/commons-cli/1.4/commons-cli-1.4.jar:/home/jussyleitecode/.m2/repository/org/apache/kafka/kafka_2.13/3.4.1/kafka_2.13-3.4.1-test.jar:/home/jussyleitecode/.m2/repository/org/junit/jupiter/junit-jupiter-api/5.9.3/junit-jupiter-api-5.9.3.jar:/home/jussyleitecode/.m2/repository/org/opentest4j/opentest4j/1.2.0/opentest4j-1.2.0.jar:/home/jussyleitecode/.m2/repository/org/junit/platform/junit-platform-commons/1.9.3/junit-platform-commons-1.9.3.jar:/home/jussyleitecode/.m2/repository/org/apiguardian/apiguardian-api/1.1.2/apiguardian-api-1.1.2.jar:/home/jussyleitecode/.m2/repository/org/junit/platform/junit-platform-launcher/1.9.3/junit-platform-launcher-1.9.3.jar:/home/jussyleitecode/.m2/repository/org/junit/platform/junit-platform-engine/1.9.3/junit-platform-engine-1.9.3.jar:/home/jussyleitecode/.m2/repository/org/eclipse/persistence/org.eclipse.persistence.core/2.7.10/org.eclipse.persistence.core-2.7.10.jar:/home/jussyleitecode/.m2/repository/org/eclipse/persistence/org.eclipse.persistence.asm/9.2.0/org.eclipse.persistence.asm-9.2.0.jar:/home/jussyleitecode/.m2/repository/org/eclipse/persistence/org.eclipse.persistence.antlr/2.7.10/org.eclipse.persistence.antlr-2.7.10.jar:/home/jussyleitecode/.m2/repository/org/eclipse/persistence/org.eclipse.persistence.jpa/2.7.10/org.eclipse.persistence.jpa-2.7.10.jar:/home/jussyleitecode/.m2/repository/org/eclipse/persistence/org.eclipse.persistence.jpa.jpql/2.7.10/org.eclipse.persistence.jpa.jpql-2.7.10.jar:/home/jussyleitecode/.m2/repository/org/eclipse/persistence/org.eclipse.persistence.moxy/2.7.10/org.eclipse.persistence.moxy-2.7.10.jar:/home/jussyleitecode/.m2/repository/org/eclipse/persistence/jakarta.persistence/2.2.3/jakarta.persistence-2.2.3.jar:/home/jussyleitecode/.m2/repository/org/eclipse/persistence/org.eclipse.persistence.jpa.modelgen.processor/2.7.10/org.eclipse.persistence.jpa.modelgen.processor-2.7.10.jar:"/>
    <property name="java.vm.vendor" value="Private Build"/>
    <property name="sun.arch.data.model" value="64"/>
    <property name="java.vendor.url" value="Unknown"/>
    <property name="user.timezone" value="Africa/Luanda"/>
    <property name="org.jboss.logging.provider" value="slf4j"/>
    <property name="os.name" value="Linux"/>
    <property name="java.vm.specification.version" value="17"/>
    <property name="sun.java.launcher" value="SUN_STANDARD"/>
    <property name="user.country" value="US"/>
    <property name="sun.boot.library.path" value="/usr/lib/jvm/java-17-openjdk-amd64/lib"/>
    <property name="sun.java.command" value="/home/jussyleitecode/Documents/SDP2 Exame/Transacoes-Interbancarias/intermediario/target/surefire/surefirebooter-20240204133842047_3.jar /home/jussyleitecode/Documents/SDP2 Exame/Transacoes-Interbancarias/intermediario/target/surefire 2024-02-04T13-38-41_623-jvmRun1 surefire-20240204133842047_1tmp surefire_0-20240204133842047_2tmp"/>
    <property name="jdk.debug" value="release"/>
    <property name="surefire.test.class.path" value="/home/jussyleitecode/Documents/SDP2 Exame/Transacoes-Interbancarias/intermediario/target/test-classes:/home/jussyleitecode/Documents/SDP2 Exame/Transacoes-Interbancarias/intermediario/target/classes:/home/jussyleitecode/.m2/repository/org/springframework/boot/spring-boot-starter-data-jpa/3.1.6/spring-boot-starter-data-jpa-3.1.6.jar:/home/jussyleitecode/.m2/repository/org/springframework/boot/spring-boot-starter-aop/3.1.6/spring-boot-starter-aop-3.1.6.jar:/home/jussyleitecode/.m2/repository/org/springframework/spring-aop/6.0.14/spring-aop-6.0.14.jar:/home/jussyleitecode/.m2/repository/org/aspectj/aspectjweaver/1.9.20.1/aspectjweaver-1.9.20.1.jar:/home/jussyleitecode/.m2/repository/org/springframework/boot/spring-boot-starter-jdbc/3.1.6/spring-boot-starter-jdbc-3.1.6.jar:/home/jussyleitecode/.m2/repository/com/zaxxer/HikariCP/5.0.1/HikariCP-5.0.1.jar:/home/jussyleitecode/.m2/repository/org/springframework/spring-jdbc/6.0.14/spring-jdbc-6.0.14.jar:/home/jussyleitecode/.m2/repository/org/hibernate/orm/hibernate-core/6.2.13.Final/hibernate-core-6.2.13.Final.jar:/home/jussyleitecode/.m2/repository/jakarta/persistence/jakarta.persistence-api/3.1.0/jakarta.persistence-api-3.1.0.jar:/home/jussyleitecode/.m2/repository/jakarta/transaction/jakarta.transaction-api/2.0.1/jakarta.transaction-api-2.0.1.jar:/home/jussyleitecode/.m2/repository/org/jboss/logging/jboss-logging/3.5.3.Final/jboss-logging-3.5.3.Final.jar:/home/jussyleitecode/.m2/repository/org/hibernate/common/hibernate-commons-annotations/6.0.6.Final/hibernate-commons-annotations-6.0.6.Final.jar:/home/jussyleitecode/.m2/repository/io/smallrye/jandex/3.0.5/jandex-3.0.5.jar:/home/jussyleitecode/.m2/repository/com/fasterxml/classmate/1.5.1/classmate-1.5.1.jar:/home/jussyleitecode/.m2/repository/net/bytebuddy/byte-buddy/1.14.10/byte-buddy-1.14.10.jar:/home/jussyleitecode/.m2/repository/org/glassfish/jaxb/jaxb-runtime/4.0.4/jaxb-runtime-4.0.4.jar:/home/jussyleitecode/.m2/repository/org/glassfish/jaxb/jaxb-core/4.0.4/jaxb-core-4.0.4.jar:/home/jussyleitecode/.m2/repository/org/eclipse/angus/angus-activation/2.0.1/angus-activation-2.0.1.jar:/home/jussyleitecode/.m2/repository/org/glassfish/jaxb/txw2/4.0.4/txw2-4.0.4.jar:/home/jussyleitecode/.m2/repository/com/sun/istack/istack-commons-runtime/4.1.2/istack-commons-runtime-4.1.2.jar:/home/jussyleitecode/.m2/repository/jakarta/inject/jakarta.inject-api/2.0.1/jakarta.inject-api-2.0.1.jar:/home/jussyleitecode/.m2/repository/org/antlr/antlr4-runtime/4.10.1/antlr4-runtime-4.10.1.jar:/home/jussyleitecode/.m2/repository/org/springframework/data/spring-data-jpa/3.1.6/spring-data-jpa-3.1.6.jar:/home/jussyleitecode/.m2/repository/org/springframework/data/spring-data-commons/3.1.6/spring-data-commons-3.1.6.jar:/home/jussyleitecode/.m2/repository/org/springframework/spring-orm/6.0.14/spring-orm-6.0.14.jar:/home/jussyleitecode/.m2/repository/org/springframework/spring-beans/6.0.14/spring-beans-6.0.14.jar:/home/jussyleitecode/.m2/repository/jakarta/annotation/jakarta.annotation-api/2.1.1/jakarta.annotation-api-2.1.1.jar:/home/jussyleitecode/.m2/repository/org/slf4j/slf4j-api/2.0.9/slf4j-api-2.0.9.jar:/home/jussyleitecode/.m2/repository/org/springframework/spring-aspects/6.0.14/spring-aspects-6.0.14.jar:/home/jussyleitecode/.m2/repository/org/springframework/boot/spring-boot-starter-web/3.1.6/spring-boot-starter-web-3.1.6.jar:/home/jussyleitecode/.m2/repository/org/springframework/boot/spring-boot-starter/3.1.6/spring-boot-starter-3.1.6.jar:/home/jussyleitecode/.m2/repository/org/springframework/boot/spring-boot-starter-logging/3.1.6/spring-boot-starter-logging-3.1.6.jar:/home/jussyleitecode/.m2/repository/ch/qos/logback/logback-classic/1.4.11/logback-classic-1.4.11.jar:/home/jussyleitecode/.m2/repository/ch/qos/logback/logback-core/1.4.11/logback-core-1.4.11.jar:/home/jussyleitecode/.m2/repository/org/apache/logging/log4j/log4j-to-slf4j/2.20.0/log4j-to-slf4j-2.20.0.jar:/home/jussyleitecode/.m2/repository/org/apache/logging/log4j/log4j-api/2.20.0/log4j-api-2.20.0.jar:/home/jussyleitecode/.m2/repository/org/slf4j/jul-to-slf4j/2.0.9/jul-to-slf4j-2.0.9.jar:/home/jussyleitecode/.m2/repository/org/yaml/snakeyaml/1.33/snakeyaml-1.33.jar:/home/jussyleitecode/.m2/repository/org/springframework/boot/spring-boot-starter-json/3.1.6/spring-boot-starter-json-3.1.6.jar:/home/jussyleitecode/.m2/repository/com/fasterxml/jackson/core/jackson-databind/2.15.3/jackson-databind-2.15.3.jar:/home/jussyleitecode/.m2/repository/com/fasterxml/jackson/core/jackson-annotations/2.15.3/jackson-annotations-2.15.3.jar:/home/jussyleitecode/.m2/repository/com/fasterxml/jackson/core/jackson-core/2.15.3/jackson-core-2.15.3.jar:/home/jussyleitecode/.m2/repository/com/fasterxml/jackson/datatype/jackson-datatype-jdk8/2.15.3/jackson-datatype-jdk8-2.15.3.jar:/home/jussyleitecode/.m2/repository/com/fasterxml/jackson/datatype/jackson-datatype-jsr310/2.15.3/jackson-datatype-jsr310-2.15.3.jar:/home/jussyleitecode/.m2/repository/com/fasterxml/jackson/module/jackson-module-parameter-names/2.15.3/jackson-module-parameter-names-2.15.3.jar:/home/jussyleitecode/.m2/repository/org/springframework/boot/spring-boot-starter-tomcat/3.1.6/spring-boot-starter-tomcat-3.1.6.jar:/home/jussyleitecode/.m2/repository/org/apache/tomcat/embed/tomcat-embed-core/10.1.16/tomcat-embed-core-10.1.16.jar:/home/jussyleitecode/.m2/repository/org/apache/tomcat/embed/tomcat-embed-el/10.1.16/tomcat-embed-el-10.1.16.jar:/home/jussyleitecode/.m2/repository/org/apache/tomcat/embed/tomcat-embed-websocket/10.1.16/tomcat-embed-websocket-10.1.16.jar:/home/jussyleitecode/.m2/repository/org/springframework/spring-web/6.0.14/spring-web-6.0.14.jar:/home/jussyleitecode/.m2/repository/org/springframework/spring-webmvc/6.0.14/spring-webmvc-6.0.14.jar:/home/jussyleitecode/.m2/repository/org/springframework/spring-expression/6.0.14/spring-expression-6.0.14.jar:/home/jussyleitecode/.m2/repository/org/springframework/kafka/spring-kafka/3.0.13/spring-kafka-3.0.13.jar:/home/jussyleitecode/.m2/repository/org/springframework/spring-context/6.0.14/spring-context-6.0.14.jar:/home/jussyleitecode/.m2/repository/org/springframework/spring-messaging/6.0.14/spring-messaging-6.0.14.jar:/home/jussyleitecode/.m2/repository/org/springframework/spring-tx/6.0.14/spring-tx-6.0.14.jar:/home/jussyleitecode/.m2/repository/org/springframework/retry/spring-retry/2.0.4/spring-retry-2.0.4.jar:/home/jussyleitecode/.m2/repository/org/apache/kafka/kafka-clients/3.4.1/kafka-clients-3.4.1.jar:/home/jussyleitecode/.m2/repository/com/github/luben/zstd-jni/1.5.2-1/zstd-jni-1.5.2-1.jar:/home/jussyleitecode/.m2/repository/org/lz4/lz4-java/1.8.0/lz4-java-1.8.0.jar:/home/jussyleitecode/.m2/repository/org/xerial/snappy/snappy-java/1.1.8.4/snappy-java-1.1.8.4.jar:/home/jussyleitecode/.m2/repository/io/micrometer/micrometer-observation/1.11.6/micrometer-observation-1.11.6.jar:/home/jussyleitecode/.m2/repository/io/micrometer/micrometer-commons/1.11.6/micrometer-commons-1.11.6.jar:/home/jussyleitecode/.m2/repository/com/google/code/findbugs/jsr305/3.0.2/jsr305-3.0.2.jar:/home/jussyleitecode/.m2/repository/org/springframework/boot/spring-boot-devtools/3.1.6/spring-boot-devtools-3.1.6.jar:/home/jussyleitecode/.m2/repository/org/springframework/boot/spring-boot/3.1.6/spring-boot-3.1.6.jar:/home/jussyleitecode/.m2/repository/org/springframework/boot/spring-boot-autoconfigure/3.1.6/spring-boot-autoconfigure-3.1.6.jar:/home/jussyleitecode/.m2/repository/org/postgresql/postgresql/42.6.0/postgresql-42.6.0.jar:/home/jussyleitecode/.m2/repository/org/checkerframework/checker-qual/3.31.0/checker-qual-3.31.0.jar:/home/jussyleitecode/.m2/repository/org/projectlombok/lombok/1.18.30/lombok-1.18.30.jar:/home/jussyleitecode/.m2/repository/org/springframework/boot/spring-boot-starter-test/3.1.6/spring-boot-starter-test-3.1.6.jar:/home/jussyleitecode/.m2/repository/org/springframework/boot/spring-boot-test/3.1.6/spring-boot-test-3.1.6.jar:/home/jussyleitecode/.m2/repository/org/springframework/boot/spring-boot-test-autoconfigure/3.1.6/spring-boot-test-autoconfigure-3.1.6.jar:/home/jussyleitecode/.m2/repository/com/jayway/jsonpath/json-path/2.8.0/json-path-2.8.0.jar:/home/jussyleitecode/.m2/repository/jakarta/xml/bind/jakarta.xml.bind-api/4.0.1/jakarta.xml.bind-api-4.0.1.jar:/home/jussyleitecode/.m2/repository/jakarta/activation/jakarta.activation-api/2.1.2/jakarta.activation-api-2.1.2.jar:/home/jussyleitecode/.m2/repository/net/minidev/json-smart/2.4.11/json-smart-2.4.11.jar:/home/jussyleitecode/.m2/repository/net/minidev/accessors-smart/2.4.11/accessors-smart-2.4.11.jar:/home/jussyleitecode/.m2/repository/org/ow2/asm/asm/9.3/asm-9.3.jar:/home/jussyleitecode/.m2/repository/org/assertj/assertj-core/3.24.2/assertj-core-3.24.2.jar:/home/jussyleitecode/.m2/repository/org/hamcrest/hamcrest/2.2/hamcrest-2.2.jar:/home/jussyleitecode/.m2/repository/org/junit/jupiter/junit-jupiter/5.9.3/junit-jupiter-5.9.3.jar:/home/jussyleitecode/.m2/repository/org/junit/jupiter/junit-jupiter-params/5.9.3/junit-jupiter-params-5.9.3.jar:/home/jussyleitecode/.m2/repository/org/junit/jupiter/junit-jupiter-engine/5.9.3/junit-jupiter-engine-5.9.3.jar:/home/jussyleitecode/.m2/repository/org/mockito/mockito-core/5.3.1/mockito-core-5.3.1.jar:/home/jussyleitecode/.m2/repository/net/bytebuddy/byte-buddy-agent/1.14.10/byte-buddy-agent-1.14.10.jar:/home/jussyleitecode/.m2/repository/org/objenesis/objenesis/3.3/objenesis-3.3.jar:/home/jussyleitecode/.m2/repository/org/mockito/mockito-junit-jupiter/5.3.1/mockito-junit-jupiter-5.3.1.jar:/home/jussyleitecode/.m2/repository/org/skyscreamer/jsonassert/1.5.1/jsonassert-1.5.1.jar:/home/jussyleitecode/.m2/repository/com/vaadin/external/google/android-json/0.0.20131108.vaadin1/android-json-0.0.20131108.vaadin1.jar:/home/jussyleitecode/.m2/repository/org/springframework/spring-core/6.0.14/spring-core-6.0.14.jar:/home/jussyleitecode/.m2/repository/org/springframework/spring-jcl/6.0.14/spring-jcl-6.0.14.jar:/home/jussyleitecode/.m2/repository/org/springframework/spring-test/6.0.14/spring-test-6.0.14.jar:/home/jussyleitecode/.m2/repository/org/xmlunit/xmlunit-core/2.9.1/xmlunit-core-2.9.1.jar:/home/jussyleitecode/.m2/repository/org/springframework/kafka/spring-kafka-test/3.0.13/spring-kafka-test-3.0.13.jar:/home/jussyleitecode/.m2/repository/org/apache/zookeeper/zookeeper/3.6.3/zookeeper-3.6.3.jar:/home/jussyleitecode/.m2/repository/org/apache/zookeeper/zookeeper-jute/3.6.3/zookeeper-jute-3.6.3.jar:/home/jussyleitecode/.m2/repository/org/apache/yetus/audience-annotations/0.5.0/audience-annotations-0.5.0.jar:/home/jussyleitecode/.m2/repository/io/netty/netty-handler/4.1.101.Final/netty-handler-4.1.101.Final.jar:/home/jussyleitecode/.m2/repository/io/netty/netty-common/4.1.101.Final/netty-common-4.1.101.Final.jar:/home/jussyleitecode/.m2/repository/io/netty/netty-resolver/4.1.101.Final/netty-resolver-4.1.101.Final.jar:/home/jussyleitecode/.m2/repository/io/netty/netty-buffer/4.1.101.Final/netty-buffer-4.1.101.Final.jar:/home/jussyleitecode/.m2/repository/io/netty/netty-transport/4.1.101.Final/netty-transport-4.1.101.Final.jar:/home/jussyleitecode/.m2/repository/io/netty/netty-transport-native-unix-common/4.1.101.Final/netty-transport-native-unix-common-4.1.101.Final.jar:/home/jussyleitecode/.m2/repository/io/netty/netty-codec/4.1.101.Final/netty-codec-4.1.101.Final.jar:/home/jussyleitecode/.m2/repository/io/netty/netty-transport-native-epoll/4.1.101.Final/netty-transport-native-epoll-4.1.101.Final.jar:/home/jussyleitecode/.m2/repository/io/netty/netty-transport-classes-epoll/4.1.101.Final/netty-transport-classes-epoll-4.1.101.Final.jar:/home/jussyleitecode/.m2/repository/org/apache/kafka/kafka-clients/3.4.1/kafka-clients-3.4.1-test.jar:/home/jussyleitecode/.m2/repository/org/apache/kafka/kafka-metadata/3.4.1/kafka-metadata-3.4.1.jar:/home/jussyleitecode/.m2/repository/org/apache/kafka/kafka-raft/3.4.1/kafka-raft-3.4.1.jar:/home/jussyleitecode/.m2/repository/com/yammer/metrics/metrics-core/2.2.0/metrics-core-2.2.0.jar:/home/jussyleitecode/.m2/repository/org/apache/kafka/kafka-server-common/3.4.1/kafka-server-common-3.4.1.jar:/home/jussyleitecode/.m2/repository/org/apache/kafka/kafka-server-common/3.4.1/kafka-server-common-3.4.1-test.jar:/home/jussyleitecode/.m2/repository/org/apache/kafka/kafka-streams-test-utils/3.4.1/kafka-streams-test-utils-3.4.1.jar:/home/jussyleitecode/.m2/repository/org/apache/kafka/kafka-streams/3.4.1/kafka-streams-3.4.1.jar:/home/jussyleitecode/.m2/repository/org/rocksdb/rocksdbjni/7.1.2/rocksdbjni-7.1.2.jar:/home/jussyleitecode/.m2/repository/org/apache/kafka/kafka_2.13/3.4.1/kafka_2.13-3.4.1.jar:/home/jussyleitecode/.m2/repository/org/scala-lang/scala-library/2.13.10/scala-library-2.13.10.jar:/home/jussyleitecode/.m2/repository/org/apache/kafka/kafka-group-coordinator/3.4.1/kafka-group-coordinator-3.4.1.jar:/home/jussyleitecode/.m2/repository/org/apache/kafka/kafka-storage/3.4.1/kafka-storage-3.4.1.jar:/home/jussyleitecode/.m2/repository/org/apache/kafka/kafka-storage-api/3.4.1/kafka-storage-api-3.4.1.jar:/home/jussyleitecode/.m2/repository/net/sourceforge/argparse4j/argparse4j/0.7.0/argparse4j-0.7.0.jar:/home/jussyleitecode/.m2/repository/com/fasterxml/jackson/module/jackson-module-scala_2.13/2.15.3/jackson-module-scala_2.13-2.15.3.jar:/home/jussyleitecode/.m2/repository/com/thoughtworks/paranamer/paranamer/2.8/paranamer-2.8.jar:/home/jussyleitecode/.m2/repository/com/fasterxml/jackson/dataformat/jackson-dataformat-csv/2.15.3/jackson-dataformat-csv-2.15.3.jar:/home/jussyleitecode/.m2/repository/net/sf/jopt-simple/jopt-simple/5.0.4/jopt-simple-5.0.4.jar:/home/jussyleitecode/.m2/repository/org/bitbucket/b_c/jose4j/0.9.3/jose4j-0.9.3.jar:/home/jussyleitecode/.m2/repository/org/scala-lang/modules/scala-collection-compat_2.13/2.10.0/scala-collection-compat_2.13-2.10.0.jar:/home/jussyleitecode/.m2/repository/org/scala-lang/modules/scala-java8-compat_2.13/1.0.2/scala-java8-compat_2.13-1.0.2.jar:/home/jussyleitecode/.m2/repository/org/scala-lang/scala-reflect/2.13.10/scala-reflect-2.13.10.jar:/home/jussyleitecode/.m2/repository/com/typesafe/scala-logging/scala-logging_2.13/3.9.4/scala-logging_2.13-3.9.4.jar:/home/jussyleitecode/.m2/repository/io/dropwizard/metrics/metrics-core/4.2.22/metrics-core-4.2.22.jar:/home/jussyleitecode/.m2/repository/commons-cli/commons-cli/1.4/commons-cli-1.4.jar:/home/jussyleitecode/.m2/repository/org/apache/kafka/kafka_2.13/3.4.1/kafka_2.13-3.4.1-test.jar:/home/jussyleitecode/.m2/repository/org/junit/jupiter/junit-jupiter-api/5.9.3/junit-jupiter-api-5.9.3.jar:/home/jussyleitecode/.m2/repository/org/opentest4j/opentest4j/1.2.0/opentest4j-1.2.0.jar:/home/jussyleitecode/.m2/repository/org/junit/platform/junit-platform-commons/1.9.3/junit-platform-commons-1.9.3.jar:/home/jussyleitecode/.m2/repository/org/apiguardian/apiguardian-api/1.1.2/apiguardian-api-1.1.2.jar:/home/jussyleitecode/.m2/repository/org/junit/platform/junit-platform-launcher/1.9.3/junit-platform-launcher-1.9.3.jar:/home/jussyleitecode/.m2/repository/org/junit/platform/junit-platform-engine/1.9.3/junit-platform-engine-1.9.3.jar:/home/jussyleitecode/.m2/repository/org/eclipse/persistence/org.eclipse.persistence.core/2.7.10/org.eclipse.persistence.core-2.7.10.jar:/home/jussyleitecode/.m2/repository/org/eclipse/persistence/org.eclipse.persistence.asm/9.2.0/org.eclipse.persistence.asm-9.2.0.jar:/home/jussyleitecode/.m2/repository/org/eclipse/persistence/org.eclipse.persistence.antlr/2.7.10/org.eclipse.persistence.antlr-2.7.10.jar:/home/jussyleitecode/.m2/repository/org/eclipse/persistence/org.eclipse.persistence.jpa/2.7.10/org.eclipse.persistence.jpa-2.7.10.jar:/home/jussyleitecode/.m2/repository/org/eclipse/persistence/org.eclipse.persistence.jpa.jpql/2.7.10/org.eclipse.persistence.jpa.jpql-2.7.10.jar:/home/jussyleitecode/.m2/repository/org/eclipse/persistence/org.eclipse.persistence.moxy/2.7.10/org.eclipse.persistence.moxy-2.7.10.jar:/home/jussyleitecode/.m2/repository/org/eclipse/persistence/jakarta.persistence/2.2.3/jakarta.persistence-2.2.3.jar:/home/jussyleitecode/.m2/repository/org/eclipse/persistence/org.eclipse.persistence.jpa.modelgen.processor/2.7.10/org.eclipse.persistence.jpa.modelgen.processor-2.7.10.jar:"/>
    <property name="sun.cpu.endian" value="little"/>
    <property name="user.home" value="/home/jussyleitecode"/>
    <property name="user.language" value="en"/>
    <property name="java.specification.vendor" value="Oracle Corporation"/>
    <property name="java.version.date" value="2023-10-17"/>
    <property name="java.home" value="/usr/lib/jvm/java-17-openjdk-amd64"/>
    <property name="file.separator" value="/"/>
    <property name="basedir" value="/home/jussyleitecode/Documents/SDP2 Exame/Transacoes-Interbancarias/intermediario"/>
    <property name="java.vm.compressedOopsMode" value="32-bit"/>
    <property name="line.separator" value="&#10;"/>
    <property name="java.specification.name" value="Java Platform API Specification"/>
    <property name="java.vm.specification.vendor" value="Oracle Corporation"/>
    <property name="FILE_LOG_CHARSET" value="UTF-8"/>
    <property name="java.awt.headless" value="true"/>
    <property name="surefire.real.class.path" value="/home/jussyleitecode/Documents/SDP2 Exame/Transacoes-Interbancarias/intermediario/target/surefire/surefirebooter-20240204133842047_3.jar"/>
    <property name="sun.management.compiler" value="HotSpot 64-Bit Tiered Compilers"/>
    <property name="java.runtime.version" value="17.0.9+9-Ubuntu-120.04"/>
    <property name="user.name" value="jussyleitecode"/>
    <property name="path.separator" value=":"/>
    <property name="os.version" value="5.15.0-92-generic"/>
    <property name="java.runtime.name" value="OpenJDK Runtime Environment"/>
    <property name="file.encoding" value="UTF-8"/>
    <property name="java.vm.name" value="OpenJDK 64-Bit Server VM"/>
    <property name="maven.ext.class.path" value="/usr/lib/apache-netbeans/java/maven-nblib/netbeans-eventspy.jar"/>
    <property name="localRepository" value="/home/jussyleitecode/.m2/repository"/>
    <property name="java.vendor.url.bug" value="Unknown"/>
    <property name="java.io.tmpdir" value="/tmp"/>
    <property name="com.zaxxer.hikari.pool_number" value="1"/>
    <property name="java.version" value="17.0.9"/>
    <property name="user.dir" value="/home/jussyleitecode/Documents/SDP2 Exame/Transacoes-Interbancarias/intermediario"/>
    <property name="os.arch" value="amd64"/>
    <property name="java.vm.specification.name" value="Java Virtual Machine Specification"/>
    <property name="PID" value="23990"/>
    <property name="CONSOLE_LOG_CHARSET" value="UTF-8"/>
    <property name="native.encoding" value="UTF-8"/>
    <property name="java.library.path" value="/usr/java/packages/lib:/usr/lib/x86_64-linux-gnu/jni:/lib/x86_64-linux-gnu:/usr/lib/x86_64-linux-gnu:/usr/lib/jni:/lib:/usr/lib"/>
    <property name="java.vm.info" value="mixed mode, sharing"/>
    <property name="java.vendor" value="Private Build"/>
    <property name="java.vm.version" value="17.0.9+9-Ubuntu-120.04"/>
    <property name="sun.io.unicode.encoding" value="UnicodeLittle"/>
    <property name="java.class.version" value="61.0"/>
  </properties>
  <testcase name="contextLoads" classname="com.emis.intermediario.IntermediarioApplicationTests" time="0.83">
    <system-out><![CDATA[13:38:43.487 [main] INFO org.springframework.test.context.support.AnnotationConfigContextLoaderUtils -- Could not detect default configuration classes for test class [com.emis.intermediario.IntermediarioApplicationTests]: IntermediarioApplicationTests does not declare any static, non-private, non-final, nested classes annotated with @Configuration.
13:38:43.632 [main] INFO org.springframework.boot.test.context.SpringBootTestContextBootstrapper -- Found @SpringBootConfiguration com.emis.intermediario.IntermediarioApplication for test class com.emis.intermediario.IntermediarioApplicationTests
13:38:43.878 [main] INFO org.springframework.boot.devtools.restart.RestartApplicationListener -- Restart disabled due to context in which it is running

  .   ____          _            __ _ _
 /\\ / ___'_ __ _ _(_)_ __  __ _ \ \ \ \
( ( )\___ | '_ | '_| | '_ \/ _` | \ \ \ \
 \\/  ___)| |_)| | | | | || (_| |  ) ) ) )
  '  |____| .__|_| |_|_| |_\__, | / / / /
 =========|_|==============|___/=/_/_/_/
 :: Spring Boot ::                (v3.1.6)

2024-02-04T13:38:44.675+01:00  INFO 23990 --- [           main] c.e.i.IntermediarioApplicationTests      : Starting IntermediarioApplicationTests using Java 17.0.9 with PID 23990 (started by jussyleitecode in /home/jussyleitecode/Documents/SDP2 Exame/Transacoes-Interbancarias/intermediario)
2024-02-04T13:38:44.692+01:00  INFO 23990 --- [           main] c.e.i.IntermediarioApplicationTests      : No active profile set, falling back to 1 default profile: "default"
2024-02-04T13:38:45.881+01:00  INFO 23990 --- [           main] .s.d.r.c.RepositoryConfigurationDelegate : Bootstrapping Spring Data JPA repositories in DEFAULT mode.
2024-02-04T13:38:45.991+01:00  INFO 23990 --- [           main] .s.d.r.c.RepositoryConfigurationDelegate : Finished Spring Data repository scanning in 95 ms. Found 3 JPA repository interfaces.
2024-02-04T13:38:46.837+01:00  INFO 23990 --- [           main] o.hibernate.jpa.internal.util.LogHelper  : HHH000204: Processing PersistenceUnitInfo [name: default]
2024-02-04T13:38:46.916+01:00  INFO 23990 --- [           main] org.hibernate.Version                    : HHH000412: Hibernate ORM core version 6.2.13.Final
2024-02-04T13:38:46.920+01:00  INFO 23990 --- [           main] org.hibernate.cfg.Environment            : HHH000406: Using bytecode reflection optimizer
2024-02-04T13:38:47.342+01:00  INFO 23990 --- [           main] o.s.o.j.p.SpringPersistenceUnitInfo      : No LoadTimeWeaver setup: ignoring JPA class transformer
2024-02-04T13:38:47.389+01:00  INFO 23990 --- [           main] com.zaxxer.hikari.HikariDataSource       : HikariPool-1 - Starting...
2024-02-04T13:38:47.550+01:00  INFO 23990 --- [           main] com.zaxxer.hikari.pool.HikariPool        : HikariPool-1 - Added connection org.postgresql.jdbc.PgConnection@661e1399
2024-02-04T13:38:47.552+01:00  INFO 23990 --- [           main] com.zaxxer.hikari.HikariDataSource       : HikariPool-1 - Start completed.
2024-02-04T13:38:49.118+01:00  INFO 23990 --- [           main] o.h.e.t.j.p.i.JtaPlatformInitiator       : HHH000489: No JTA platform available (set 'hibernate.transaction.jta.platform' to enable JTA platform integration)
2024-02-04T13:38:49.629+01:00  INFO 23990 --- [           main] j.LocalContainerEntityManagerFactoryBean : Initialized JPA EntityManagerFactory for persistence unit 'default'
2024-02-04T13:38:50.177+01:00  INFO 23990 --- [           main] o.s.d.j.r.query.QueryEnhancerFactory     : Hibernate is in classpath; If applicable, HQL parser will be used.
2024-02-04T13:38:50.475+01:00 ERROR 23990 --- [           main] o.a.catalina.core.AprLifecycleListener   : An incompatible version [1.2.23] of the Apache Tomcat Native library is installed, while Tomcat requires version [1.2.34]
2024-02-04T13:38:50.692+01:00  WARN 23990 --- [           main] JpaBaseConfiguration$JpaWebConfiguration : spring.jpa.open-in-view is enabled by default. Therefore, database queries may be performed during view rendering. Explicitly configure spring.jpa.open-in-view to disable this warning
2024-02-04T13:38:51.718+01:00  INFO 23990 --- [           main] c.e.i.IntermediarioApplicationTests      : Started IntermediarioApplicationTests in 7.865 seconds (process running for 9.509)
]]></system-out>
  </testcase>
</testsuite>